Build started 08/07/2015 17:14:40.
     1>Project "C:\Users\Admin\Documents\cinder_0.8.6_vc2013\myApps\SIMLtexturing\vc2013\basicApp.vcxproj" on node 2 (Build target(s)).
     1>ClCompile:
         C:\Program Files (x86)\Microsoft Visual Studio 12.0\VC\bin\CL.exe /c /I..\..\..\include /I..\..\..\boost /ZI /nologo /W3 /WX- /Od /Oy- /D WIN32 /D _DEBUG /D _WINDOWS /D _UNICODE /D UNICODE /Gm /EHsc /RTC1 /MTd /GS /fp:precise /Zc:wchar_t /Zc:forScope /Fo"Debug\\" /Fd"Debug\vc120.pdb" /Gd /TP /analyze- /errorReport:prompt ..\src\simlTexturing.cpp
         simlTexturing.cpp
     1>c:\users\admin\documents\cinder_0.8.6_vc2013\myapps\simltexturing\src\simltexturing.cpp(37): warning C4244: 'initializing' : conversion from 'float' to 'const int', possible loss of data
     1>c:\users\admin\documents\cinder_0.8.6_vc2013\myapps\simltexturing\src\simltexturing.cpp(61): warning C4305: 'initializing' : truncation from 'double' to 'float'
     1>c:\users\admin\documents\cinder_0.8.6_vc2013\myapps\simltexturing\src\simltexturing.cpp(114): warning C4244: 'initializing' : conversion from 'double' to 'float', possible loss of data
     1>c:\users\admin\documents\cinder_0.8.6_vc2013\myapps\simltexturing\src\simltexturing.cpp(118): warning C4018: '<' : signed/unsigned mismatch
     1>c:\users\admin\documents\cinder_0.8.6_vc2013\myapps\simltexturing\src\simltexturing.cpp(137): warning C4244: '=' : conversion from 'double' to 'float', possible loss of data
     1>c:\users\admin\documents\cinder_0.8.6_vc2013\myapps\simltexturing\src\simltexturing.cpp(138): warning C4244: '=' : conversion from 'double' to 'float', possible loss of data
     1>c:\users\admin\documents\cinder_0.8.6_vc2013\myapps\simltexturing\src\simltexturing.cpp(204): warning C4244: 'argument' : conversion from 'int' to 'float', possible loss of data
     1>c:\users\admin\documents\cinder_0.8.6_vc2013\myapps\simltexturing\src\simltexturing.cpp(212): warning C4244: 'initializing' : conversion from 'int' to 'float', possible loss of data
     1>c:\users\admin\documents\cinder_0.8.6_vc2013\myapps\simltexturing\src\simltexturing.cpp(213): warning C4244: 'initializing' : conversion from 'float' to 'int', possible loss of data
     1>c:\users\admin\documents\cinder_0.8.6_vc2013\myapps\simltexturing\src\simltexturing.cpp(216): warning C4244: 'argument' : conversion from 'int' to 'float', possible loss of data
     1>c:\users\admin\documents\cinder_0.8.6_vc2013\myapps\simltexturing\src\simltexturing.cpp(217): warning C4244: 'argument' : conversion from 'int' to 'float', possible loss of data
     1>c:\users\admin\documents\cinder_0.8.6_vc2013\myapps\simltexturing\src\simltexturing.cpp(218): warning C4244: 'argument' : conversion from 'int' to 'float', possible loss of data
     1>c:\users\admin\documents\cinder_0.8.6_vc2013\myapps\simltexturing\src\simltexturing.cpp(219): warning C4244: 'argument' : conversion from 'int' to 'float', possible loss of data
     1>c:\users\admin\documents\cinder_0.8.6_vc2013\myapps\simltexturing\src\simltexturing.cpp(222): warning C4244: 'argument' : conversion from 'int' to 'float', possible loss of data
     1>c:\users\admin\documents\cinder_0.8.6_vc2013\myapps\simltexturing\src\simltexturing.cpp(226): warning C4244: 'argument' : conversion from 'int' to 'float', possible loss of data
     1>c:\users\admin\documents\cinder_0.8.6_vc2013\myapps\simltexturing\src\simltexturing.cpp(229): warning C4244: 'argument' : conversion from 'int' to 'float', possible loss of data
     1>c:\users\admin\documents\cinder_0.8.6_vc2013\myapps\simltexturing\src\simltexturing.cpp(274): warning C4244: 'argument' : conversion from 'int' to 'GLfloat', possible loss of data
       Link:
         C:\Program Files (x86)\Microsoft Visual Studio 12.0\VC\bin\link.exe /ERRORREPORT:PROMPT /OUT:"C:\Users\Admin\Documents\cinder_0.8.6_vc2013\myApps\SIMLtexturing\vc2013\Debug\basicApp.exe" /INCREMENTAL /NOLOGO /LIBPATH:..\..\..\lib\msw\x86 "cinder-v120_d.lib" kernel32.lib user32.lib gdi32.lib winspool.lib comdlg32.lib advapi32.lib shell32.lib ole32.lib oleaut32.lib uuid.lib odbc32.lib odbccp32.lib /NODEFAULTLIB:LIBCMT /MANIFEST /MANIFESTUAC:"level='asInvoker' uiAccess='false'" /manifest:embed /DEBUG /PDB:"C:\Users\Admin\Documents\cinder_0.8.6_vc2013\myApps\SIMLtexturing\vc2013\Debug\basicApp.pdb" /SUBSYSTEM:WINDOWS /TLBID:1 /DYNAMICBASE:NO /IMPLIB:"C:\Users\Admin\Documents\cinder_0.8.6_vc2013\myApps\SIMLtexturing\vc2013\Debug\basicApp.lib" /MACHINE:X86 /SAFESEH Debug\simlTexturing.obj
         basicApp.vcxproj -> C:\Users\Admin\Documents\cinder_0.8.6_vc2013\myApps\SIMLtexturing\vc2013\Debug\basicApp.exe
     1>Done Building Project "C:\Users\Admin\Documents\cinder_0.8.6_vc2013\myApps\SIMLtexturing\vc2013\basicApp.vcxproj" (Build target(s)).

Build succeeded.

Time Elapsed 00:00:04.60
